2025-03-08 23:41:07.149  INFO 28120 --- [main] pokemonTcgExchangesSpringBootApplication : Starting pokemonTcgExchangesSpringBootApplication using Java 17.0.7 on ITEM-5CG31328QC with PID 28120 (C:\Users\fthiebert\Documents\Git\TCG Pocket Exchanges\TCG Pocket Exchanges Back\pokemon_tcg_exchanges_back\pokemonTcgExchanges\target\classes started by fthiebert in C:\Users\fthiebert\Documents\Git\TCG Pocket Exchanges\TCG Pocket Exchanges Back\pokemon_tcg_exchanges_back\pokemonTcgExchanges)
2025-03-08 23:41:07.152  INFO 28120 --- [main] pokemonTcgExchangesSpringBootApplication : No active profile set, falling back to 1 default profile: "default"
2025-03-08 23:41:07.791  INFO 28120 --- [main] .s.d.r.c.RepositoryConfigurationDelegate : Bootstrapping Spring Data JPA repositories in DEFAULT mode.
2025-03-08 23:41:07.848  INFO 28120 --- [main] .s.d.r.c.RepositoryConfigurationDelegate : Finished Spring Data repository scanning in 49 ms. Found 4 JPA repository interfaces.
2025-03-08 23:41:08.369  INFO 28120 --- [main] o.s.b.w.embedded.tomcat.TomcatWebServer  : Tomcat initialized with port(s): 8080 (http)
2025-03-08 23:41:08.377  INFO 28120 --- [main] o.apache.catalina.core.StandardService   : Starting service [Tomcat]
2025-03-08 23:41:08.377  INFO 28120 --- [main] org.apache.catalina.core.StandardEngine  : Starting Servlet engine: [Apache Tomcat/9.0.73]
2025-03-08 23:41:08.476  INFO 28120 --- [main] o.a.c.c.C.[.[localhost].[/tcgexchanges]  : Initializing Spring embedded WebApplicationContext
2025-03-08 23:41:08.477  INFO 28120 --- [main] w.s.c.ServletWebServerApplicationContext : Root WebApplicationContext: initialization completed in 1292 ms
2025-03-08 23:41:08.627  INFO 28120 --- [main] o.hibernate.jpa.internal.util.LogHelper  : HHH000204: Processing PersistenceUnitInfo [name: default]
2025-03-08 23:41:08.669  INFO 28120 --- [main] org.hibernate.Version                    : HHH000412: Hibernate ORM core version 5.6.15.Final
2025-03-08 23:41:08.812  INFO 28120 --- [main] o.hibernate.annotations.common.Version   : HCANN000001: Hibernate Commons Annotations {5.1.2.Final}
2025-03-08 23:41:08.914  INFO 28120 --- [main] com.zaxxer.hikari.HikariDataSource       : HikariPool-1 - Starting...
2025-03-08 23:41:09.294  INFO 28120 --- [main] com.zaxxer.hikari.HikariDataSource       : HikariPool-1 - Start completed.
2025-03-08 23:41:09.308  INFO 28120 --- [main] org.hibernate.dialect.Dialect            : HHH000400: Using dialect: org.hibernate.dialect.MySQL8Dialect
2025-03-08 23:41:10.347  INFO 28120 --- [main] o.h.e.t.j.p.i.JtaPlatformInitiator       : HHH000490: Using JtaPlatform implementation: [org.hibernate.engine.transaction.jta.platform.internal.NoJtaPlatform]
2025-03-08 23:41:10.360  INFO 28120 --- [main] j.LocalContainerEntityManagerFactoryBean : Initialized JPA EntityManagerFactory for persistence unit 'default'
2025-03-08 23:41:11.582  INFO 28120 --- [main] o.s.s.web.DefaultSecurityFilterChain     : Will secure Ant [pattern='/api/**'] with [org.springframework.security.web.session.DisableEncodeUrlFilter@27e656e6, org.springframework.security.web.context.request.async.WebAsyncManagerIntegrationFilter@3cfab56d, org.springframework.security.web.context.SecurityContextPersistenceFilter@395115ac, org.springframework.security.web.header.HeaderWriterFilter@17873842, org.springframework.web.filter.CorsFilter@6b6fde93, org.springframework.security.web.authentication.logout.LogoutFilter@544733a4, org.springframework.security.web.authentication.www.BasicAuthenticationFilter@543c887, org.springframework.security.web.savedrequest.RequestCacheAwareFilter@3b28ab9b, org.springframework.security.web.servletapi.SecurityContextHolderAwareRequestFilter@16c1345b, org.springframework.security.web.authentication.AnonymousAuthenticationFilter@51d34f02, org.springframework.security.web.session.SessionManagementFilter@241abc2, org.springframework.security.web.access.ExceptionTranslationFilter@60739eca, org.springframework.security.web.access.intercept.FilterSecurityInterceptor@1f7b1d6a]
2025-03-08 23:41:11.641  WARN 28120 --- [main] JpaBaseConfiguration$JpaWebConfiguration : spring.jpa.open-in-view is enabled by default. Therefore, database queries may be performed during view rendering. Explicitly configure spring.jpa.open-in-view to disable this warning
2025-03-08 23:41:12.399  INFO 28120 --- [main] o.s.b.w.embedded.tomcat.TomcatWebServer  : Tomcat started on port(s): 8080 (http) with context path '/tcgexchanges'
2025-03-08 23:41:12.413  INFO 28120 --- [main] pokemonTcgExchangesSpringBootApplication : Started pokemonTcgExchangesSpringBootApplication in 5.573 seconds (JVM running for 6.649)
2025-03-08 23:41:17.973  INFO 28120 --- [http-nio-8080-exec-3] o.a.c.c.C.[.[localhost].[/tcgexchanges]  : Initializing Spring DispatcherServlet 'dispatcherServlet'
2025-03-08 23:41:17.974  INFO 28120 --- [http-nio-8080-exec-3] o.s.web.servlet.DispatcherServlet        : Initializing Servlet 'dispatcherServlet'
2025-03-08 23:41:17.974  INFO 28120 --- [http-nio-8080-exec-3] o.s.web.servlet.DispatcherServlet        : Completed initialization in 0 ms
2025-03-08 23:41:18.249 ERROR 28120 --- [http-nio-8080-exec-4] p.r.AuthentificationRestController       : Test error log
2025-03-08 23:41:18.249  INFO 28120 --- [http-nio-8080-exec-4] p.r.AuthentificationRestController       : connexion logback : gege
2025-03-08 23:42:04.992  INFO 28120 --- [RMI TCP Connection(8)-127.0.0.1] inMXBeanRegistrar$SpringApplicationAdmin : Application shutdown requested.
2025-03-08 23:42:05.011  INFO 28120 --- [RMI TCP Connection(8)-127.0.0.1] o.apache.catalina.core.StandardService   : Stopping service [Tomcat]
2025-03-08 23:42:05.012  INFO 28120 --- [RMI TCP Connection(8)-127.0.0.1] o.a.c.c.C.[.[localhost].[/tcgexchanges]  : Destroying Spring FrameworkServlet 'dispatcherServlet'
2025-03-08 23:42:05.021  INFO 28120 --- [RMI TCP Connection(8)-127.0.0.1] j.LocalContainerEntityManagerFactoryBean : Closing JPA EntityManagerFactory for persistence unit 'default'
2025-03-08 23:42:05.023  INFO 28120 --- [RMI TCP Connection(8)-127.0.0.1] com.zaxxer.hikari.HikariDataSource       : HikariPool-1 - Shutdown initiated...
2025-03-08 23:42:05.029  INFO 28120 --- [RMI TCP Connection(8)-127.0.0.1] com.zaxxer.hikari.HikariDataSource       : HikariPool-1 - Shutdown completed.
2025-03-08 23:42:07.468  INFO 44852 --- [main] pokemonTcgExchangesSpringBootApplication : Starting pokemonTcgExchangesSpringBootApplication using Java 17.0.7 on ITEM-5CG31328QC with PID 44852 (C:\Users\fthiebert\Documents\Git\TCG Pocket Exchanges\TCG Pocket Exchanges Back\pokemon_tcg_exchanges_back\pokemonTcgExchanges\target\classes started by fthiebert in C:\Users\fthiebert\Documents\Git\TCG Pocket Exchanges\TCG Pocket Exchanges Back\pokemon_tcg_exchanges_back\pokemonTcgExchanges)
2025-03-08 23:42:07.470  INFO 44852 --- [main] pokemonTcgExchangesSpringBootApplication : No active profile set, falling back to 1 default profile: "default"
2025-03-08 23:42:08.188  INFO 44852 --- [main] .s.d.r.c.RepositoryConfigurationDelegate : Bootstrapping Spring Data JPA repositories in DEFAULT mode.
2025-03-08 23:42:08.251  INFO 44852 --- [main] .s.d.r.c.RepositoryConfigurationDelegate : Finished Spring Data repository scanning in 54 ms. Found 4 JPA repository interfaces.
2025-03-08 23:42:08.745  INFO 44852 --- [main] o.s.b.w.embedded.tomcat.TomcatWebServer  : Tomcat initialized with port(s): 8080 (http)
2025-03-08 23:42:08.753  INFO 44852 --- [main] o.apache.catalina.core.StandardService   : Starting service [Tomcat]
2025-03-08 23:42:08.753  INFO 44852 --- [main] org.apache.catalina.core.StandardEngine  : Starting Servlet engine: [Apache Tomcat/9.0.73]
2025-03-08 23:42:08.863  INFO 44852 --- [main] o.a.c.c.C.[.[localhost].[/tcgexchanges]  : Initializing Spring embedded WebApplicationContext
2025-03-08 23:42:08.863  INFO 44852 --- [main] w.s.c.ServletWebServerApplicationContext : Root WebApplicationContext: initialization completed in 1351 ms
2025-03-08 23:42:09.015  INFO 44852 --- [main] o.hibernate.jpa.internal.util.LogHelper  : HHH000204: Processing PersistenceUnitInfo [name: default]
2025-03-08 23:42:09.066  INFO 44852 --- [main] org.hibernate.Version                    : HHH000412: Hibernate ORM core version 5.6.15.Final
2025-03-08 23:42:09.232  INFO 44852 --- [main] o.hibernate.annotations.common.Version   : HCANN000001: Hibernate Commons Annotations {5.1.2.Final}
2025-03-08 23:42:09.321  INFO 44852 --- [main] com.zaxxer.hikari.HikariDataSource       : HikariPool-1 - Starting...
2025-03-08 23:42:09.638  INFO 44852 --- [main] com.zaxxer.hikari.HikariDataSource       : HikariPool-1 - Start completed.
2025-03-08 23:42:09.652  INFO 44852 --- [main] org.hibernate.dialect.Dialect            : HHH000400: Using dialect: org.hibernate.dialect.MySQL8Dialect
2025-03-08 23:42:10.805  INFO 44852 --- [main] o.h.e.t.j.p.i.JtaPlatformInitiator       : HHH000490: Using JtaPlatform implementation: [org.hibernate.engine.transaction.jta.platform.internal.NoJtaPlatform]
2025-03-08 23:42:10.818  INFO 44852 --- [main] j.LocalContainerEntityManagerFactoryBean : Initialized JPA EntityManagerFactory for persistence unit 'default'
2025-03-08 23:42:11.912  INFO 44852 --- [main] o.s.s.web.DefaultSecurityFilterChain     : Will secure Ant [pattern='/api/**'] with [org.springframework.security.web.session.DisableEncodeUrlFilter@70b0dc92, org.springframework.security.web.context.request.async.WebAsyncManagerIntegrationFilter@309d54ac, org.springframework.security.web.context.SecurityContextPersistenceFilter@56f19f36, org.springframework.security.web.header.HeaderWriterFilter@16c1345b, org.springframework.web.filter.CorsFilter@390978, org.springframework.security.web.authentication.logout.LogoutFilter@202d1424, org.springframework.security.web.authentication.www.BasicAuthenticationFilter@7ff7e353, org.springframework.security.web.savedrequest.RequestCacheAwareFilter@673a5aa7, org.springframework.security.web.servletapi.SecurityContextHolderAwareRequestFilter@1443539, org.springframework.security.web.authentication.AnonymousAuthenticationFilter@561c031, org.springframework.security.web.session.SessionManagementFilter@7ca0b05e, org.springframework.security.web.access.ExceptionTranslationFilter@36c1b6ff, org.springframework.security.web.access.intercept.FilterSecurityInterceptor@543c887]
2025-03-08 23:42:11.951  WARN 44852 --- [main] JpaBaseConfiguration$JpaWebConfiguration : spring.jpa.open-in-view is enabled by default. Therefore, database queries may be performed during view rendering. Explicitly configure spring.jpa.open-in-view to disable this warning
2025-03-08 23:42:12.593  INFO 44852 --- [main] o.s.b.w.embedded.tomcat.TomcatWebServer  : Tomcat started on port(s): 8080 (http) with context path '/tcgexchanges'
2025-03-08 23:42:12.608  INFO 44852 --- [main] pokemonTcgExchangesSpringBootApplication : Started pokemonTcgExchangesSpringBootApplication in 5.512 seconds (JVM running for 6.422)
2025-03-08 23:45:55.460  INFO 44852 --- [RMI TCP Connection(13)-127.0.0.1] inMXBeanRegistrar$SpringApplicationAdmin : Application shutdown requested.
2025-03-08 23:45:55.480  INFO 44852 --- [RMI TCP Connection(13)-127.0.0.1] o.apache.catalina.core.StandardService   : Stopping service [Tomcat]
2025-03-08 23:45:55.489  INFO 44852 --- [RMI TCP Connection(13)-127.0.0.1] j.LocalContainerEntityManagerFactoryBean : Closing JPA EntityManagerFactory for persistence unit 'default'
2025-03-08 23:45:55.492  INFO 44852 --- [RMI TCP Connection(13)-127.0.0.1] com.zaxxer.hikari.HikariDataSource       : HikariPool-1 - Shutdown initiated...
2025-03-08 23:45:55.500  INFO 44852 --- [RMI TCP Connection(13)-127.0.0.1] com.zaxxer.hikari.HikariDataSource       : HikariPool-1 - Shutdown completed.
2025-03-08 23:45:58.212  INFO 49984 --- [main] pokemonTcgExchangesSpringBootApplication : Starting pokemonTcgExchangesSpringBootApplication using Java 17.0.7 on ITEM-5CG31328QC with PID 49984 (C:\Users\fthiebert\Documents\Git\TCG Pocket Exchanges\TCG Pocket Exchanges Back\pokemon_tcg_exchanges_back\pokemonTcgExchanges\target\classes started by fthiebert in C:\Users\fthiebert\Documents\Git\TCG Pocket Exchanges\TCG Pocket Exchanges Back\pokemon_tcg_exchanges_back\pokemonTcgExchanges)
2025-03-08 23:45:58.214  INFO 49984 --- [main] pokemonTcgExchangesSpringBootApplication : No active profile set, falling back to 1 default profile: "default"
2025-03-08 23:45:58.822  INFO 49984 --- [main] .s.d.r.c.RepositoryConfigurationDelegate : Bootstrapping Spring Data JPA repositories in DEFAULT mode.
2025-03-08 23:45:58.881  INFO 49984 --- [main] .s.d.r.c.RepositoryConfigurationDelegate : Finished Spring Data repository scanning in 52 ms. Found 4 JPA repository interfaces.
2025-03-08 23:45:59.388  INFO 49984 --- [main] o.s.b.w.embedded.tomcat.TomcatWebServer  : Tomcat initialized with port(s): 8080 (http)
2025-03-08 23:45:59.396  INFO 49984 --- [main] o.apache.catalina.core.StandardService   : Starting service [Tomcat]
2025-03-08 23:45:59.396  INFO 49984 --- [main] org.apache.catalina.core.StandardEngine  : Starting Servlet engine: [Apache Tomcat/9.0.73]
2025-03-08 23:45:59.496  INFO 49984 --- [main] o.a.c.c.C.[.[localhost].[/tcgexchanges]  : Initializing Spring embedded WebApplicationContext
2025-03-08 23:45:59.496  INFO 49984 --- [main] w.s.c.ServletWebServerApplicationContext : Root WebApplicationContext: initialization completed in 1245 ms
2025-03-08 23:45:59.621  INFO 49984 --- [main] o.hibernate.jpa.internal.util.LogHelper  : HHH000204: Processing PersistenceUnitInfo [name: default]
2025-03-08 23:45:59.658  INFO 49984 --- [main] org.hibernate.Version                    : HHH000412: Hibernate ORM core version 5.6.15.Final
2025-03-08 23:45:59.783  INFO 49984 --- [main] o.hibernate.annotations.common.Version   : HCANN000001: Hibernate Commons Annotations {5.1.2.Final}
2025-03-08 23:45:59.865  INFO 49984 --- [main] com.zaxxer.hikari.HikariDataSource       : HikariPool-1 - Starting...
2025-03-08 23:46:00.169  INFO 49984 --- [main] com.zaxxer.hikari.HikariDataSource       : HikariPool-1 - Start completed.
2025-03-08 23:46:00.188  INFO 49984 --- [main] org.hibernate.dialect.Dialect            : HHH000400: Using dialect: org.hibernate.dialect.MySQL8Dialect
2025-03-08 23:46:01.032  INFO 49984 --- [main] o.h.e.t.j.p.i.JtaPlatformInitiator       : HHH000490: Using JtaPlatform implementation: [org.hibernate.engine.transaction.jta.platform.internal.NoJtaPlatform]
2025-03-08 23:46:01.042  INFO 49984 --- [main] j.LocalContainerEntityManagerFactoryBean : Initialized JPA EntityManagerFactory for persistence unit 'default'
2025-03-08 23:46:01.639  INFO 49984 --- [main] o.s.s.web.DefaultSecurityFilterChain     : Will secure Ant [pattern='/api/**'] with [org.springframework.security.web.session.DisableEncodeUrlFilter@3fc2a1d1, org.springframework.security.web.context.request.async.WebAsyncManagerIntegrationFilter@752e4223, org.springframework.security.web.context.SecurityContextPersistenceFilter@1adec8d, org.springframework.security.web.header.HeaderWriterFilter@68cc6319, org.springframework.web.filter.CorsFilter@7528089c, org.springframework.security.web.authentication.logout.LogoutFilter@112b3298, org.springframework.security.web.authentication.www.BasicAuthenticationFilter@6e349258, org.springframework.security.web.savedrequest.RequestCacheAwareFilter@34d0c331, org.springframework.security.web.servletapi.SecurityContextHolderAwareRequestFilter@3958db82, org.springframework.security.web.authentication.AnonymousAuthenticationFilter@136690b1, org.springframework.security.web.session.SessionManagementFilter@170f0fd6, org.springframework.security.web.access.ExceptionTranslationFilter@20d92f1e, org.springframework.security.web.access.intercept.FilterSecurityInterceptor@29a1dab3]
2025-03-08 23:46:01.659  WARN 49984 --- [main] JpaBaseConfiguration$JpaWebConfiguration : spring.jpa.open-in-view is enabled by default. Therefore, database queries may be performed during view rendering. Explicitly configure spring.jpa.open-in-view to disable this warning
2025-03-08 23:46:01.978  INFO 49984 --- [main] o.s.b.w.embedded.tomcat.TomcatWebServer  : Tomcat started on port(s): 8080 (http) with context path '/tcgexchanges'
2025-03-08 23:46:01.988  INFO 49984 --- [main] pokemonTcgExchangesSpringBootApplication : Started pokemonTcgExchangesSpringBootApplication in 4.127 seconds (JVM running for 5.012)
2025-03-08 23:49:25.743  INFO 49984 --- [RMI TCP Connection(12)-127.0.0.1] inMXBeanRegistrar$SpringApplicationAdmin : Application shutdown requested.
2025-03-08 23:49:25.767  INFO 49984 --- [RMI TCP Connection(12)-127.0.0.1] o.apache.catalina.core.StandardService   : Stopping service [Tomcat]
2025-03-08 23:49:25.779  INFO 49984 --- [RMI TCP Connection(12)-127.0.0.1] j.LocalContainerEntityManagerFactoryBean : Closing JPA EntityManagerFactory for persistence unit 'default'
2025-03-08 23:49:25.782  INFO 49984 --- [RMI TCP Connection(12)-127.0.0.1] com.zaxxer.hikari.HikariDataSource       : HikariPool-1 - Shutdown initiated...
2025-03-08 23:49:25.791  INFO 49984 --- [RMI TCP Connection(12)-127.0.0.1] com.zaxxer.hikari.HikariDataSource       : HikariPool-1 - Shutdown completed.
